<?xml version="1.0" encoding="UTF-8"?>
<testng-results ignored="0" total="2" passed="2" failed="0" skipped="0">
  <reporter-output>
  </reporter-output>
  <suite started-at="2023-05-28T08:16:39 IST" name="Suite" finished-at="2023-05-28T08:16:47 IST" duration-ms="7703">
    <groups>
    </groups>
    <test started-at="2023-05-28T08:16:39 IST" name="Test" finished-at="2023-05-28T08:16:47 IST" duration-ms="7703">
      <class name="LoginClass.Login">
        <test-method is-config="true" signature="beforeTest()[pri:0, instance:LoginClass.Login@2bbf180e]" started-at="2023-05-28T08:16:39 IST" name="beforeTest" finished-at="2023-05-28T08:16:41 IST" duration-ms="1529" status="PASS">
          <reporter-output>
          </reporter-output>
        </test-method> <!-- beforeTest -->
        <test-method signature="test()[pri:0, instance:LoginClass.Login@2bbf180e]" started-at="2023-05-28T08:16:41 IST" name="test" finished-at="2023-05-28T08:16:44 IST" duration-ms="2772" status="PASS">
          <reporter-output>
          </reporter-output>
        </test-method> <!-- test -->
        <test-method signature="test2()[pri:0, instance:LoginClass.Login@2bbf180e]" started-at="2023-05-28T08:16:44 IST" name="test2" finished-at="2023-05-28T08:16:46 IST" duration-ms="2185" status="PASS">
          <reporter-output>
          </reporter-output>
        </test-method> <!-- test2 -->
        <test-method is-config="true" signature="afterTest()[pri:0, instance:LoginClass.Login@2bbf180e]" started-at="2023-05-28T08:16:46 IST" name="afterTest" finished-at="2023-05-28T08:16:47 IST" duration-ms="1162" status="PASS">
          <reporter-output>
          </reporter-output>
        </test-method> <!-- afterTest -->
      </class> <!-- LoginClass.Login -->
    </test> <!-- Test -->
  </suite> <!-- Suite -->
</testng-results>
